<?xml version="1.0" encoding="UTF-8"?>
<!-- Generated by org.testng.reporters.JUnitReportReporter -->
<testsuite hostname="Muammer-MacBook-Pro.local" failures="0" tests="2" name="testclasses.TestAnnotationTest" time="0.131" errors="1" timestamp="18 Apr 2018 06:13:24 GMT" skipped="1">
  <testcase classname="testclasses.TestAnnotationTest" name="testMethod2" time="0.131">
    <error message="Method testclasses.TestAnnotationTest.testMethod2() didn&#039;t finish within the time-out 100" type="org.testng.internal.thread.ThreadTimeoutException">
      <![CDATA[org.testng.internal.thread.ThreadTimeoutException: Method testclasses.TestAnnotationTest.testMethod2() didn't finish within the time-out 100
]]>
    </error>
  </testcase> <!-- testMethod2 -->
  <testcase classname="testclasses.TestAnnotationTest" name="testMethod1">
    <skipped/>
  </testcase> <!-- testMethod1 -->
</testsuite> <!-- testclasses.TestAnnotationTest -->
